android-app/app/build/intermediates/manifest_merge_blame_file/release/processReleaseMainManifest/manifest-merger-blame-release-report.txt
1<?xml version="1.0" encoding="utf-8"?>
2<manifest xmlns:android="http://schemas.android.com/apk/res/android"
3    package="com.teknopalas.aracplaka"
4    android:versionCode="1"
5    android:versionName="1.0.0" >
6
7    <uses-sdk
8        android:minSdkVersion="24"
9        android:targetSdkVersion="35" />
10
11    <uses-permission android:name="android.permission.INTERNET" />
11-->src\main\AndroidManifest.xml:6:5-67
11-->src\main\AndroidManifest.xml:6:22-64
12    <uses-permission android:name="android.permission.CAMERA" />
12-->src\main\AndroidManifest.xml:7:5-65
12-->src\main\AndroidManifest.xml:7:22-62
13
14    <uses-feature
14-->src\main\AndroidManifest.xml:9:5-11:36
15        android:name="android.hardware.camera.any"
15-->src\main\AndroidManifest.xml:10:9-51
16        android:required="false" />
16-->src\main\AndroidManifest.xml:11:9-33
17    <uses-feature
17-->src\main\AndroidManifest.xml:12:5-14:36
18        android:name="android.hardware.camera"
18-->src\main\AndroidManifest.xml:13:9-47
19        android:required="false" />
19-->src\main\AndroidManifest.xml:14:9-33
20
21    <application
21-->src\main\AndroidManifest.xml:16:5-38:19
22        android:allowBackup="false"
22-->src\main\AndroidManifest.xml:17:9-36
23        android:dataExtractionRules="@xml/data_extraction_rules"
23-->src\main\AndroidManifest.xml:18:9-65
24        android:extractNativeLibs="false"
25        android:fullBackupContent="false"
25-->src\main\AndroidManifest.xml:19:9-42
26        android:icon="@mipmap/ic_launcher"
26-->src\main\AndroidManifest.xml:20:9-43
27        android:label="@string/app_name"
27-->src\main\AndroidManifest.xml:21:9-41
28        android:networkSecurityConfig="@xml/network_security_config"
28-->src\main\AndroidManifest.xml:22:9-69
29        android:roundIcon="@mipmap/ic_launcher_round"
29-->src\main\AndroidManifest.xml:23:9-54
30        android:supportsRtl="true"
30-->src\main\AndroidManifest.xml:24:9-35
31        android:theme="@style/Theme.AracPlaka"
31-->src\main\AndroidManifest.xml:25:9-47
32        android:usesCleartextTraffic="false" >
32-->src\main\AndroidManifest.xml:26:9-45
33        <activity
33-->src\main\AndroidManifest.xml:29:9-37:20
34            android:name="com.teknopalas.aracplaka.MainActivity"
34-->src\main\AndroidManifest.xml:30:13-41
35            android:configChanges="keyboard|keyboardHidden|orientation|screenSize"
35-->src\main\AndroidManifest.xml:31:13-83
36            android:exported="true" >
36-->src\main\AndroidManifest.xml:32:13-36
37            <intent-filter>
37-->src\main\AndroidManifest.xml:33:13-36:29
38                <action android:name="android.intent.action.MAIN" />
38-->src\main\AndroidManifest.xml:34:17-69
38-->src\main\AndroidManifest.xml:34:25-66
39
40                <category android:name="android.intent.category.LAUNCHER" />
40-->src\main\AndroidManifest.xml:35:17-77
40-->src\main\AndroidManifest.xml:35:27-74
41            </intent-filter>
42        </activity>
43    </application>
44
45</manifest>